Arguments: 
  C:\Program Files\nodejs\node.exe C:\Program Files (x86)\Yarn\bin\yarn.js start

PATH: 
  C:\tools\ruby25\bin;C:\Python27\;C:\Python27\Scripts;C:\tools\Anaconda3;C:\tools\Anaconda3\Library\mingw-w64\bin;C:\tools\Anaconda3\Library\usr\bin;C:\tools\Anaconda3\Library\bin;C:\tools\Anaconda3\Scripts;C:\Program Files (x86)\Common Files\Intel\Shared Libraries\redist\intel64\compiler;C:\Program Files (x86)\Intel\iCLS Client\;C:\Program Files\Intel\iCLS Client\;C:\Windows\system32;C:\Windows;C:\Windows\System32\Wbem;C:\Windows\System32\WindowsPowerShell\v1.0\;C:\Program Files (x86)\Intel\Intel(R) Management Engine Components\DAL;C:\Program Files\Intel\Intel(R) Management Engine Components\DAL;C:\Program Files (x86)\Intel\Intel(R) Management Engine Components\IPT;C:\Program Files\Intel\Intel(R) Management Engine Components\IPT;C:\Program Files (x86)\NVIDIA Corporation\PhysX\Common;C:\Program Files\Intel\WiFi\bin\;C:\Program Files\Common Files\Intel\WirelessCommon\;C:\WINDOWS\system32;C:\WINDOWS;C:\WINDOWS\System32\Wbem;C:\WINDOWS\System32\WindowsPowerShell\v1.0\;C:\ProgramData\chocolatey\bin;C:\tools\php71;C:\ProgramData\ComposerSetup\bin;C:\HashiCorp\Vagrant\bin;C:\Program Files\R\R-3.4.2\bin;C:\ProgramData\chocolatey\lib\drush.commandline\tools\drush;C:\tools\php72;C:\Users\samue\AppData\Local\atom\;C:\Program Files\Java\jdk1.8.0_162\bin;C:\bin\wp-cli\bin\;C:\Program Files\Git\cmd;C:\Program Files (x86)\Yarn\bin\;C:\Users\samue\AppData\Local\Android\Sdk\platform-tools;C:\WINDOWS\System32\OpenSSH\;C:\Strawberry\c\bin;C:\Strawberry\perl\site\bin;C:\Strawberry\perl\bin;C:\Program Files\Microsoft VS Code\bin;C:\watchman;C:\Program Files\nodejs\;C:\Users\samue\AppData\Local\Microsoft\WindowsApps;C:\Users\samue\AppData\Roaming\Composer\vendor\bin;C:\Program Files\Heroku\bin;C:\Program Files\Oracle\VirtualBox;C:\ProgramData\chocolatey\lib\drush.commandline\tools\drush;C:\tools\cmder;C:\Users\samue\AppData\Local\atom\bin;C:\Users\samue\AppData\Local\Yarn\bin;C:\Program Files\Microsoft VS Code\bin;C:\Users\samue\AppData\Local\hyper\app-2.0.0\resources\bin;C:\Users\samue\AppData\Local\Microsoft\WindowsApps;C:\Users\samue\AppData\Roaming\npm;C:\Program Files\Docker Toolbox

Yarn version: 
  1.5.1

Node version: 
  10.11.0

Platform: 
  win32 x64

npm manifest: 
  {
    "name": "empty-project-template",
    "main": "node_modules/expo/AppEntry.js",
    "private": true,
    "scripts": {
      "start": "expo start",
      "android": "expo start --android",
      "ios": "expo start --ios",
      "eject": "expo eject"
    },
    "dependencies": {
      "expo": "^30.0.1",
      "react": "16.3.1",
      "react-native": "https://github.com/expo/react-native/archive/sdk-30.0.0.tar.gz"
    }
  }

yarn manifest: 
  No manifest

Lockfile: 
  No lockfile

Trace: 
  Error: Command failed.
  Exit code: 1
  Command: C:\WINDOWS\system32\cmd.exe
  Arguments: /d /s /c expo start
  Directory: D:\Programming\textr
  Output:
  
      at ProcessTermError.MessageError (C:\Program Files (x86)\Yarn\lib\cli.js:186:110)
      at new ProcessTermError (C:\Program Files (x86)\Yarn\lib\cli.js:226:113)
      at ChildProcess.<anonymous> (C:\Program Files (x86)\Yarn\lib\cli.js:30281:17)
      at ChildProcess.emit (events.js:182:13)
      at maybeClose (internal/child_process.js:962:16)
      at Process.ChildProcess._handle.onexit (internal/child_process.js:251:5)
